<?xml version="1.0" encoding="UTF-8"?>
<testng-results ignored="0" total="2" passed="2" failed="0" skipped="0">
  <reporter-output>
  </reporter-output>
  <suite started-at="2024-07-30T15:03:01 IST" name="Default suite" finished-at="2024-07-30T15:03:04 IST" duration-ms="3278">
    <groups>
    </groups>
    <test started-at="2024-07-30T15:03:01 IST" name="Default test" finished-at="2024-07-30T15:03:04 IST" duration-ms="3278">
      <class name="CategoryProductList.AnalgesicsProductList">
        <test-method signature="responsebody()[pri:0, instance:CategoryProductList.AnalgesicsProductList@4d02f94e]" started-at="2024-07-30T15:03:01 IST" name="responsebody" finished-at="2024-07-30T15:03:04 IST" duration-ms="3129" status="PASS">
          <reporter-output>
          </reporter-output>
        </test-method> <!-- responsebody -->
        <test-method signature="test()[pri:0, instance:CategoryProductList.AnalgesicsProductList@4d02f94e]" started-at="2024-07-30T15:03:04 IST" name="test" finished-at="2024-07-30T15:03:04 IST" duration-ms="62" status="PASS">
          <reporter-output>
          </reporter-output>
        </test-method> <!-- test -->
      </class> <!-- CategoryProductList.AnalgesicsProductList -->
    </test> <!-- Default test -->
  </suite> <!-- Default suite -->
</testng-results>
